TN:
SF:src\FizzBuzzGame.ts
FN:3,(anonymous_1)
FN:6,(anonymous_2)
FNF:2
FNH:2
FNDA:8,(anonymous_1)
FNDA:8,(anonymous_2)
DA:1,1
DA:3,1
DA:4,8
DA:7,8
DA:9,8
LF:5
LH:5
BRDA:9,0,0,8
BRDA:9,0,1,0
BRDA:9,1,0,0
BRDA:9,1,1,8
BRDA:9,2,0,8
BRDA:9,2,1,8
BRF:6
BRH:4
end_of_record
TN:
SF:src\FizzBuzzRules\Buzz.ts
FN:3,(anonymous_0)
FN:6,(anonymous_1)
FN:9,(anonymous_2)
FNF:3
FNH:3
FNDA:8,(anonymous_0)
FNDA:5,(anonymous_1)
FNDA:1,(anonymous_2)
DA:3,1
DA:4,8
DA:7,5
DA:10,1
LF:4
LH:4
BRDA:10,0,0,1
BRDA:10,0,1,0
BRF:2
BRH:1
end_of_record
TN:
SF:src\FizzBuzzRules\BuzzFoo.ts
FN:3,(anonymous_0)
FN:6,(anonymous_1)
FN:9,(anonymous_2)
FNF:3
FNH:3
FNDA:8,(anonymous_0)
FNDA:8,(anonymous_1)
FNDA:1,(anonymous_2)
DA:3,1
DA:4,8
DA:7,8
DA:10,1
LF:4
LH:4
BRDA:10,0,0,1
BRDA:10,0,1,0
BRF:2
BRH:1
end_of_record
TN:
SF:src\FizzBuzzRules\Default.ts
FN:4,(anonymous_0)
FN:7,(anonymous_1)
FNF:2
FNH:2
FNDA:2,(anonymous_0)
FNDA:1,(anonymous_1)
DA:3,1
DA:5,2
DA:8,1
LF:3
LH:3
BRDA:5,0,0,2
BRDA:5,0,1,2
BRDA:5,0,2,2
BRDA:8,1,0,1
BRDA:8,1,1,0
BRF:5
BRH:4
end_of_record
TN:
SF:src\FizzBuzzRules\Fizz.ts
FN:3,(anonymous_0)
FN:6,(anonymous_1)
FN:9,(anonymous_2)
FNF:3
FNH:3
FNDA:8,(anonymous_0)
FNDA:4,(anonymous_1)
FNDA:1,(anonymous_2)
DA:3,1
DA:4,8
DA:7,4
DA:10,1
LF:4
LH:4
BRDA:10,0,0,1
BRDA:10,0,1,0
BRF:2
BRH:1
end_of_record
TN:
SF:src\FizzBuzzRules\FizzBuzz.ts
FN:3,(anonymous_0)
FN:6,(anonymous_1)
FN:9,(anonymous_2)
FNF:3
FNH:3
FNDA:8,(anonymous_0)
FNDA:6,(anonymous_1)
FNDA:1,(anonymous_2)
DA:3,1
DA:4,8
DA:7,6
DA:10,1
LF:4
LH:4
BRDA:10,0,0,1
BRDA:10,0,1,0
BRF:2
BRH:1
end_of_record
TN:
SF:src\FizzBuzzRules\FizzBuzzFoo.ts
FN:3,(anonymous_0)
FN:6,(anonymous_1)
FN:9,(anonymous_2)
FNF:3
FNH:3
FNDA:8,(anonymous_0)
FNDA:9,(anonymous_1)
FNDA:1,(anonymous_2)
DA:3,1
DA:4,8
DA:7,9
DA:10,1
LF:4
LH:4
BRDA:10,0,0,1
BRDA:10,0,1,0
BRF:2
BRH:1
end_of_record
TN:
SF:src\FizzBuzzRules\FizzBuzzRulesContext.ts
FN:14,(anonymous_1)
FN:27,(anonymous_2)
FN:28,(anonymous_3)
FNF:3
FNH:3
FNDA:8,(anonymous_1)
FNDA:8,(anonymous_2)
FNDA:36,(anonymous_3)
DA:1,1
DA:2,1
DA:3,1
DA:4,1
DA:5,1
DA:6,1
DA:7,1
DA:8,1
DA:11,1
DA:15,8
DA:28,36
LF:11
LH:11
BRF:0
BRH:0
end_of_record
TN:
SF:src\FizzBuzzRules\FizzFoo.ts
FN:3,(anonymous_0)
FN:6,(anonymous_1)
FN:9,(anonymous_2)
FNF:3
FNH:3
FNDA:8,(anonymous_0)
FNDA:7,(anonymous_1)
FNDA:1,(anonymous_2)
DA:3,1
DA:4,8
DA:7,7
DA:10,1
LF:4
LH:4
BRDA:10,0,0,1
BRDA:10,0,1,0
BRF:2
BRH:1
end_of_record
TN:
SF:src\FizzBuzzRules\Foo.ts
FN:3,(anonymous_0)
FN:6,(anonymous_1)
FN:9,(anonymous_2)
FNF:3
FNH:3
FNDA:8,(anonymous_0)
FNDA:3,(anonymous_1)
FNDA:1,(anonymous_2)
DA:3,1
DA:4,8
DA:7,3
DA:10,1
LF:4
LH:4
BRDA:10,0,0,1
BRDA:10,0,1,0
BRF:2
BRH:1
end_of_record
